{
  "RSpec": {
    "coverage": {
      "/Users/majdeddine/Desktop/tech-test/bank_tech_test/spec/account_spec.rb": [
        1,
        9,
        9,
        null,
        1,
        1,
        null,
        null,
        1,
        1,
        null,
        null,
        1,
        1,
        null,
        null,
        1,
        1,
        null,
        null,
        1,
        1,
        1,
        null,
        null,
        1,
        1,
        1,
        null,
        null,
        null,
        1,
        1,
        1,
        null,
        1,
        1,
        1,
        1,
        null,
        null,
        null
      ],
      "/Users/majdeddine/Desktop/tech-test/bank_tech_test/spec/bank_spec.rb": [
        1,
        11,
        null,
        11,
        11,
        null,
        1,
        10,
        10,
        null,
        null,
        1,
        1,
        null,
        1,
        null,
        1,
        1,
        null,
        null,
        1,
        null,
        1,
        null,
        null,
        null,
        1,
        1,
        1,
        null,
        null,
        1,
        2,
        null,
        null,
        null,
        1,
        1,
        1,
        null,
        null,
        1,
        2,
        null,
        null,
        1,
        1,
        1,
        null,
        null,
        1,
        2,
        null,
        null,
        1,
        null,
        null,
        null,
        1,
        1,
        null,
        null,
        null,
        null
      ],
      "/Users/majdeddine/Desktop/tech-test/bank_tech_test/spec/customer_spec.rb": [
        1,
        null,
        1,
        1,
        1,
        null,
        null
      ],
      "/Users/majdeddine/Desktop/tech-test/bank_tech_test/spec/statement_spec.rb": [
        1,
        3,
        2,
        null,
        1,
        1,
        null,
        null,
        1,
        1,
        1,
        1,
        1,
        null,
        null,
        null
      ],
      "/Users/majdeddine/Desktop/tech-test/bank_tech_test/spec/transaction_spec.rb": [
        1,
        4,
        null,
        1,
        1,
        null,
        null,
        1,
        1,
        null,
        null,
        1,
        1,
        null,
        null,
        1,
        1,
        null,
        null
      ]
    },
    "timestamp": 1514981984
  }
}
